<!DOCTYPE html PUBLIC "-//W3C//DTD XHTML 1.1//EN" "https://www.w3.org/TR/xhtml11/DTD/xhtml11.dtd">
<html xmlns="https://www.w3.org/1999/xhtml">
<head>
<meta http-equiv="content-type" content="text/html; charset=UTF-8"/>
<title>TestNG Report</title>
<style type="text/css">table {margin-bottom:10px;border-collapse:collapse;empty-cells:show}th,td {border:1px solid #009;padding:.25em .5em}th {vertical-align:bottom}td {vertical-align:top}table a {font-weight:bold}.stripe td {background-color: #E6EBF9}.num {text-align:right}.passedodd td {background-color: #3F3}.passedeven td {background-color: #0A0}.skippedodd td {background-color: #DDD}.skippedeven td {background-color: #CCC}.failedodd td,.attn {background-color: #F33}.failedeven td,.stripe .attn {background-color: #D00}.stacktrace {white-space:pre;font-family:monospace}.totop {font-size:85%;text-align:center;border-bottom:2px solid #000}.invisible {display:none}</style>
</head>
<body>
<table>
<tr><th>Test</th><th># Passed</th><th># Skipped</th><th># Retried</th><th># Failed</th><th>Time (ms)</th><th>Included Groups</th><th>Excluded Groups</th></tr>
<tr><th colspan="8">Math Test suite</th></tr>
<tr><td><a href="#t0">Math Test</a></td><td class="num">6</td><td class="num">0</td><td class="num">0</td><td class="num">0</td><td class="num">103</td><td></td><td></td></tr>
<tr class="stripe"><td><a href="#t1">Excel Test</a></td><td class="num">12</td><td class="num">0</td><td class="num">0</td><td class="num">0</td><td class="num">2,467</td><td></td><td></td></tr>
<tr><td><a href="#t2">Rest Assured Test</a></td><td class="num">4</td><td class="num">0</td><td class="num">0</td><td class="num">0</td><td class="num">5,692</td><td></td><td></td></tr>
<tr class="stripe"><td><a href="#t3">Selenium Test</a></td><td class="num">1</td><td class="num">0</td><td class="num">0</td><td class="num">0</td><td class="num">4,159</td><td></td><td></td></tr>
<tr><td><a href="#t4">Selenium Test two</a></td><td class="num">0</td><td class="num">0</td><td class="num">0</td><td class="num attn">1</td><td class="num">3,889</td><td></td><td></td></tr>
<tr><th>Total</th><th class="num">23</th><th class="num">0</th><th class="num">0</th><th class="num attn">1</th><th class="num">16,310</th><th colspan="2"></th></tr>
</table>
<table id='summary'><thead><tr><th>Class</th><th>Method</th><th>Start</th><th>Time (ms)</th></tr></thead><tbody><tr><th colspan="4">Math Test suite</th></tr></tbody><tbody id="t0"><tr><th colspan="4">Math Test &#8212; passed</th></tr><tr class="passedeven"><td rowspan="6">com.testcode.MathTest</td><td><a href="#m0">C12_testAdd</a></td><td rowspan="1">1753374721982</td><td rowspan="1">12</td></tr><tr class="passedeven"><td><a href="#m1">C13_testSubtract</a></td><td rowspan="1">1753374721998</td><td rowspan="1">3</td></tr><tr class="passedeven"><td><a href="#m2">C14_testMultiply</a></td><td rowspan="1">1753374722004</td><td rowspan="1">6</td></tr><tr class="passedeven"><td><a href="#m3">C15_testDivide</a></td><td rowspan="1">1753374722014</td><td rowspan="1">1</td></tr><tr class="passedeven"><td><a href="#m4">C16_testOneMore</a></td><td rowspan="1">1753374722019</td><td rowspan="1">2</td></tr><tr class="passedeven"><td><a href="#m5">C17_testDivideByZero</a></td><td rowspan="1">1753374722023</td><td rowspan="1">2</td></tr></tbody>
<tbody id="t1"><tr><th colspan="4">Excel Test &#8212; passed</th></tr><tr class="passedeven"><td rowspan="12">com.testcode.DataDrivenExcelTest</td><td><a href="#m6">C18_testAddition</a></td><td rowspan="3">1753374724267</td><td rowspan="3">3</td></tr><tr class="passedeven"><td><a href="#m7">C18_testAddition</a></td></tr><tr class="passedeven"><td><a href="#m8">C18_testAddition</a></td></tr><tr class="passedeven"><td><a href="#m9">C19_testSubtraction</a></td><td rowspan="3">1753374724386</td><td rowspan="3">3</td></tr><tr class="passedeven"><td><a href="#m10">C19_testSubtraction</a></td></tr><tr class="passedeven"><td><a href="#m11">C19_testSubtraction</a></td></tr><tr class="passedeven"><td><a href="#m12">C20_testMultiplication</a></td><td rowspan="3">1753374724497</td><td rowspan="3">2</td></tr><tr class="passedeven"><td><a href="#m13">C20_testMultiplication</a></td></tr><tr class="passedeven"><td><a href="#m14">C20_testMultiplication</a></td></tr><tr class="passedeven"><td><a href="#m15">C21_testDivision</a></td><td rowspan="3">1753374724600</td><td rowspan="3">3</td></tr><tr class="passedeven"><td><a href="#m16">C21_testDivision</a></td></tr><tr class="passedeven"><td><a href="#m17">C21_testDivision</a></td></tr></tbody>
<tbody id="t2"><tr><th colspan="4">Rest Assured Test &#8212; passed</th></tr><tr class="passedeven"><td rowspan="4">com.testcode.RestAssuredTest</td><td><a href="#m18">C24_testGetPeopleEndpoint</a></td><td rowspan="1">1753374724634</td><td rowspan="1">5218</td></tr><tr class="passedeven"><td><a href="#m19">C25_testPostPeopleEndpoint</a></td><td rowspan="1">1753374729856</td><td rowspan="1">237</td></tr><tr class="passedeven"><td><a href="#m20">C26_testUpdatePeopleEndpoint</a></td><td rowspan="1">1753374730096</td><td rowspan="1">138</td></tr><tr class="passedeven"><td><a href="#m21">C27_testDeletePeopleEndpoint</a></td><td rowspan="1">1753374730237</td><td rowspan="1">75</td></tr></tbody>
<tbody id="t3"><tr><th colspan="4">Selenium Test &#8212; passed</th></tr><tr class="passedeven"><td rowspan="1">com.testcode.GoogleTest</td><td><a href="#m22">C22_testGoogleTitle</a></td><td rowspan="1">1753374733103</td><td rowspan="1">976</td></tr></tbody>
<tbody id="t4"><tr><th colspan="4">Selenium Test two &#8212; failed</th></tr><tr class="failedeven"><td rowspan="1">com.testcode.WikipediaSearchTest</td><td><a href="#m23">C23_testSearchSeleniumOnWikipedia</a></td><td rowspan="1">1753374736582</td><td rowspan="1">1294</td></tr></tbody>
</table>
<h2>Math Test</h2><h3 id="m0">com.testcode.MathTest#C12_testAdd</h3><table class="result"><tr><th class="invisible"/></tr></table><p class="totop"><a href="#summary">back to summary</a></p>
<h3 id="m1">com.testcode.MathTest#C13_testSubtract</h3><table class="result"><tr><th class="invisible"/></tr></table><p class="totop"><a href="#summary">back to summary</a></p>
<h3 id="m2">com.testcode.MathTest#C14_testMultiply</h3><table class="result"><tr><th class="invisible"/></tr></table><p class="totop"><a href="#summary">back to summary</a></p>
<h3 id="m3">com.testcode.MathTest#C15_testDivide</h3><table class="result"><tr><th class="invisible"/></tr></table><p class="totop"><a href="#summary">back to summary</a></p>
<h3 id="m4">com.testcode.MathTest#C16_testOneMore</h3><table class="result"><tr><th class="invisible"/></tr></table><p class="totop"><a href="#summary">back to summary</a></p>
<h3 id="m5">com.testcode.MathTest#C17_testDivideByZero</h3><table class="result"><tr><th>Expected Exception</th></tr><tr><td><div class="stacktrace">java.lang.ArithmeticException: Division by zero is not allowed.
	at com.sourcecode.MathOperations.divide(MathOperations.java:16)
	at com.testcode.MathTest.C17_testDivideByZero(MathTest.java:42)
	at java.base/java.util.ArrayList.forEach(ArrayList.java:1511)
... Removed 27 stack frames</div></td></tr></table><p class="totop"><a href="#summary">back to summary</a></p>
<h2>Excel Test</h2><h3 id="m6">com.testcode.DataDrivenExcelTest#C18_testAddition</h3><table class="result"><tr class="param"><th>Parameter #1</th><th>Parameter #2</th><th>Parameter #3</th><th>Parameter #4</th><th>Parameter #5</th><th>Parameter #6</th></tr><tr class="param stripe"><td>2.0</td><td>1.0</td><td>3.0</td><td>1.0</td><td>2.0</td><td>2.0</td></tr></table><p class="totop"><a href="#summary">back to summary</a></p>
<h3 id="m7">com.testcode.DataDrivenExcelTest#C18_testAddition</h3><table class="result"><tr class="param"><th>Parameter #1</th><th>Parameter #2</th><th>Parameter #3</th><th>Parameter #4</th><th>Parameter #5</th><th>Parameter #6</th></tr><tr class="param stripe"><td>5.0</td><td>2.0</td><td>7.0</td><td>3.0</td><td>10.0</td><td>2.5</td></tr></table><p class="totop"><a href="#summary">back to summary</a></p>
<h3 id="m8">com.testcode.DataDrivenExcelTest#C18_testAddition</h3><table class="result"><tr class="param"><th>Parameter #1</th><th>Parameter #2</th><th>Parameter #3</th><th>Parameter #4</th><th>Parameter #5</th><th>Parameter #6</th></tr><tr class="param stripe"><td>18.0</td><td>9.0</td><td>27.0</td><td>9.0</td><td>162.0</td><td>2.0</td></tr></table><p class="totop"><a href="#summary">back to summary</a></p>
<h3 id="m9">com.testcode.DataDrivenExcelTest#C19_testSubtraction</h3><table class="result"><tr class="param"><th>Parameter #1</th><th>Parameter #2</th><th>Parameter #3</th><th>Parameter #4</th><th>Parameter #5</th><th>Parameter #6</th></tr><tr class="param stripe"><td>2.0</td><td>1.0</td><td>3.0</td><td>1.0</td><td>2.0</td><td>2.0</td></tr></table><p class="totop"><a href="#summary">back to summary</a></p>
<h3 id="m10">com.testcode.DataDrivenExcelTest#C19_testSubtraction</h3><table class="result"><tr class="param"><th>Parameter #1</th><th>Parameter #2</th><th>Parameter #3</th><th>Parameter #4</th><th>Parameter #5</th><th>Parameter #6</th></tr><tr class="param stripe"><td>5.0</td><td>2.0</td><td>7.0</td><td>3.0</td><td>10.0</td><td>2.5</td></tr></table><p class="totop"><a href="#summary">back to summary</a></p>
<h3 id="m11">com.testcode.DataDrivenExcelTest#C19_testSubtraction</h3><table class="result"><tr class="param"><th>Parameter #1</th><th>Parameter #2</th><th>Parameter #3</th><th>Parameter #4</th><th>Parameter #5</th><th>Parameter #6</th></tr><tr class="param stripe"><td>18.0</td><td>9.0</td><td>27.0</td><td>9.0</td><td>162.0</td><td>2.0</td></tr></table><p class="totop"><a href="#summary">back to summary</a></p>
<h3 id="m12">com.testcode.DataDrivenExcelTest#C20_testMultiplication</h3><table class="result"><tr class="param"><th>Parameter #1</th><th>Parameter #2</th><th>Parameter #3</th><th>Parameter #4</th><th>Parameter #5</th><th>Parameter #6</th></tr><tr class="param stripe"><td>5.0</td><td>2.0</td><td>7.0</td><td>3.0</td><td>10.0</td><td>2.5</td></tr></table><p class="totop"><a href="#summary">back to summary</a></p>
<h3 id="m13">com.testcode.DataDrivenExcelTest#C20_testMultiplication</h3><table class="result"><tr class="param"><th>Parameter #1</th><th>Parameter #2</th><th>Parameter #3</th><th>Parameter #4</th><th>Parameter #5</th><th>Parameter #6</th></tr><tr class="param stripe"><td>2.0</td><td>1.0</td><td>3.0</td><td>1.0</td><td>2.0</td><td>2.0</td></tr></table><p class="totop"><a href="#summary">back to summary</a></p>
<h3 id="m14">com.testcode.DataDrivenExcelTest#C20_testMultiplication</h3><table class="result"><tr class="param"><th>Parameter #1</th><th>Parameter #2</th><th>Parameter #3</th><th>Parameter #4</th><th>Parameter #5</th><th>Parameter #6</th></tr><tr class="param stripe"><td>18.0</td><td>9.0</td><td>27.0</td><td>9.0</td><td>162.0</td><td>2.0</td></tr></table><p class="totop"><a href="#summary">back to summary</a></p>
<h3 id="m15">com.testcode.DataDrivenExcelTest#C21_testDivision</h3><table class="result"><tr class="param"><th>Parameter #1</th><th>Parameter #2</th><th>Parameter #3</th><th>Parameter #4</th><th>Parameter #5</th><th>Parameter #6</th></tr><tr class="param stripe"><td>18.0</td><td>9.0</td><td>27.0</td><td>9.0</td><td>162.0</td><td>2.0</td></tr></table><p class="totop"><a href="#summary">back to summary</a></p>
<h3 id="m16">com.testcode.DataDrivenExcelTest#C21_testDivision</h3><table class="result"><tr class="param"><th>Parameter #1</th><th>Parameter #2</th><th>Parameter #3</th><th>Parameter #4</th><th>Parameter #5</th><th>Parameter #6</th></tr><tr class="param stripe"><td>5.0</td><td>2.0</td><td>7.0</td><td>3.0</td><td>10.0</td><td>2.5</td></tr></table><p class="totop"><a href="#summary">back to summary</a></p>
<h3 id="m17">com.testcode.DataDrivenExcelTest#C21_testDivision</h3><table class="result"><tr class="param"><th>Parameter #1</th><th>Parameter #2</th><th>Parameter #3</th><th>Parameter #4</th><th>Parameter #5</th><th>Parameter #6</th></tr><tr class="param stripe"><td>2.0</td><td>1.0</td><td>3.0</td><td>1.0</td><td>2.0</td><td>2.0</td></tr></table><p class="totop"><a href="#summary">back to summary</a></p>
<h2>Rest Assured Test</h2><h3 id="m18">com.testcode.RestAssuredTest#C24_testGetPeopleEndpoint</h3><table class="result"><tr><th class="invisible"/></tr></table><p class="totop"><a href="#summary">back to summary</a></p>
<h3 id="m19">com.testcode.RestAssuredTest#C25_testPostPeopleEndpoint</h3><table class="result"><tr><th class="invisible"/></tr></table><p class="totop"><a href="#summary">back to summary</a></p>
<h3 id="m20">com.testcode.RestAssuredTest#C26_testUpdatePeopleEndpoint</h3><table class="result"><tr><th class="invisible"/></tr></table><p class="totop"><a href="#summary">back to summary</a></p>
<h3 id="m21">com.testcode.RestAssuredTest#C27_testDeletePeopleEndpoint</h3><table class="result"><tr><th class="invisible"/></tr></table><p class="totop"><a href="#summary">back to summary</a></p>
<h2>Selenium Test</h2><h3 id="m22">com.testcode.GoogleTest#C22_testGoogleTitle</h3><table class="result"><tr><th class="invisible"/></tr></table><p class="totop"><a href="#summary">back to summary</a></p>
<h2>Selenium Test two</h2><h3 id="m23">com.testcode.WikipediaSearchTest#C23_testSearchSeleniumOnWikipedia</h3><table class="result"><tr><th>Exception</th></tr><tr><td><div class="stacktrace">org.openqa.selenium.NoSuchElementException: no such element: Unable to locate element: {&quot;method&quot;:&quot;css selector&quot;,&quot;selector&quot;:&quot;#firstHeading&quot;}
  (Session info: chrome=138.0.7204.169)
For documentation on this error, please visit: https://www.selenium.dev/documentation/webdriver/troubleshooting/errors#no-such-element-exception
Build info: version: &apos;4.34.0&apos;, revision: &apos;707dcb4246*&apos;
System info: os.name: &apos;Windows 11&apos;, os.arch: &apos;amd64&apos;, os.version: &apos;10.0&apos;, java.version: &apos;17.0.9&apos;
Driver info: org.openqa.selenium.chrome.ChromeDriver
Command: [1a0ab61a7949c3f15f1d3f98132df09b, findElement {value=firstHeading, using=id}]
Capabilities {acceptInsecureCerts: false, browserName: chrome, browserVersion: 138.0.7204.169, chrome: {chromedriverVersion: 138.0.7204.168 (3e8d82e86e9..., userDataDir: C:\Users\vinodh\AppData\Loc...}, fedcm:accounts: true, goog:chromeOptions: {debuggerAddress: localhost:61364}, networkConnectionEnabled: false, pageLoadStrategy: normal, platformName: windows, proxy: Proxy(), se:cdp: ws://localhost:61364/devtoo..., se:cdpVersion: 138.0.7204.169, setWindowRect: true, strictFileInteractability: false, timeouts: {implicit: 0, pageLoad: 300000, script: 30000}, unhandledPromptBehavior: dismiss and notify, webauthn:extension:credBlob: true, webauthn:extension:largeBlob: true, webauthn:extension:minPinLength: true, webauthn:extension:prf: true, webauthn:virtualAuthenticators: true}
Session ID: 1a0ab61a7949c3f15f1d3f98132df09b
	at org.openqa.selenium.remote.ErrorCodec.decode(ErrorCodec.java:167)
	at org.openqa.selenium.remote.codec.w3c.W3CHttpResponseCodec.decode(W3CHttpResponseCodec.java:138)
	at org.openqa.selenium.remote.codec.w3c.W3CHttpResponseCodec.decode(W3CHttpResponseCodec.java:50)
	at org.openqa.selenium.remote.HttpCommandExecutor.execute(HttpCommandExecutor.java:215)
	at org.openqa.selenium.remote.service.DriverCommandExecutor.invokeExecute(DriverCommandExecutor.java:216)
	at org.openqa.selenium.remote.service.DriverCommandExecutor.execute(DriverCommandExecutor.java:174)
	at org.openqa.selenium.remote.RemoteWebDriver.execute(RemoteWebDriver.java:544)
	at org.openqa.selenium.remote.ElementLocation$ElementFinder$2.findElement(ElementLocation.java:165)
	at org.openqa.selenium.remote.ElementLocation.findElement(ElementLocation.java:59)
	at org.openqa.selenium.remote.RemoteWebDriver.findElement(RemoteWebDriver.java:367)
	at org.openqa.selenium.remote.RemoteWebDriver.findElement(RemoteWebDriver.java:361)
	at com.testcode.WikipediaSearchTest.C23_testSearchSeleniumOnWikipedia(WikipediaSearchTest.java:30)
	at java.base/java.util.ArrayList.forEach(ArrayList.java:1511)
... Removed 32 stack frames</div></td></tr></table><p class="totop"><a href="#summary">back to summary</a></p>
</body>
</html>
